<?xml version="1.0" encoding="UTF-8"?>
<!-- Generated by org.testng.reporters.JUnitReportReporter -->
<testsuite skipped="0" hostname="Poojas-MacBook-Pro.local" name="com.crm.qa.testcases.LoginPageTest" tests="3" failures="0" timestamp="28 Aug 2018 20:45:55 GMT" time="15.741" errors="0">
  <testcase name="loginpageTitleTest" time="3.926" classname="com.crm.qa.testcases.LoginPageTest"/>
  <testcase name="crmlogoimageTest" time="3.232" classname="com.crm.qa.testcases.LoginPageTest"/>
  <testcase name="loginTest" time="8.583" classname="com.crm.qa.testcases.LoginPageTest"/>
</testsuite> <!-- com.crm.qa.testcases.LoginPageTest -->
